                                    ********
                                  **        **
                                 *            *
                                **            **
                                **            **
                                 **          **
                                  **        **
                                    ********
                                      ****
                                      ****
        ****                          ****
     ******                           ****                                 ***
  ****************************************************************************
    *******                           ****                                 ***
        ****                          ****
                                       **
                                       **


             *****      **     *****     ** **       **     **   **
               **       **     **  *     ***         **     **** **
              **        **     *****     ****        **     **  ***
             ******     **     **        **  **      **     **   **

:: Powered by Spring Boot ::         (v2.0.4.RELEASE)

2018-09-17 11:59:09.611  INFO 13824 --- [           main] z.s.ZipkinServer                         : Starting ZipkinServer on EFE050-PC with PID 13824 (C:\Users\EFE050\Desktop\key genereate\zipkin-server-2.11.3-exec.jar started by EFE050 in C:\Users\EFE050\Desktop\key genereate)
2018-09-17 11:59:09.632  INFO 13824 --- [           main] z.s.ZipkinServer                         : The following profiles are active: shared
2018-09-17 11:59:09.837  INFO 13824 --- [           main] ConfigServletWebServerApplicationContext : Refreshing org.springframework.boot.web.servlet.context.AnnotationConfigServletWebServerApplicationContext@57baeedf: startup date [Mon Sep 17 11:59:09 CST 2018]; root of context hierarchy
2018-09-17 11:59:18.334  INFO 13824 --- [           main] o.s.b.f.s.DefaultListableBeanFactory     : Overriding bean definition for bean 'characterEncodingFilter' with a different definition: replacing [Root bean: class [null]; scope=; abstract=false; lazyInit=false; autowireMode=3; dependencyCheck=0; autowireCandidate=true; primary=false; factoryBeanName=org.springframework.boot.autoconfigure.web.servlet.HttpEncodingAutoConfiguration; factoryMethodName=characterEncodingFilter; initMethodName=null; destroyMethodName=(inferred); defined in class path resource [org/springframework/boot/autoconfigure/web/servlet/HttpEncodingAutoConfiguration.class]] with [Root bean: class [null]; scope=; abstract=false; lazyInit=false; autowireMode=3; dependencyCheck=0; autowireCandidate=true; primary=false; factoryBeanName=zipkin2.autoconfigure.ui.ZipkinUiAutoConfiguration; factoryMethodName=characterEncodingFilter; initMethodName=null; destroyMethodName=(inferred); defined in class path resource [zipkin2/autoconfigure/ui/ZipkinUiAutoConfiguration.class]]
2018-09-17 11:59:24.270  INFO 13824 --- [           main] i.u.servlet                              : Initializing Spring embedded WebApplicationContext
2018-09-17 11:59:24.271  INFO 13824 --- [           main] o.s.w.c.ContextLoader                    : Root WebApplicationContext: initialization completed in 14441 ms
2018-09-17 11:59:24.726  INFO 13824 --- [           main] o.s.b.w.s.FilterRegistrationBean         : Mapping filter: 'webMvcMetricsFilter' to: [/*]
2018-09-17 11:59:24.727  INFO 13824 --- [           main] o.s.b.w.s.FilterRegistrationBean         : Mapping filter: 'hiddenHttpMethodFilter' to: [/*]
2018-09-17 11:59:24.727  INFO 13824 --- [           main] o.s.b.w.s.FilterRegistrationBean         : Mapping filter: 'httpPutFormContentFilter' to: [/*]
2018-09-17 11:59:24.727  INFO 13824 --- [           main] o.s.b.w.s.FilterRegistrationBean         : Mapping filter: 'requestContextFilter' to: [/*]
2018-09-17 11:59:24.727  INFO 13824 --- [           main] o.s.b.w.s.FilterRegistrationBean         : Mapping filter: 'httpTraceFilter' to: [/*]
2018-09-17 11:59:24.727  INFO 13824 --- [           main] o.s.b.w.s.FilterRegistrationBean         : Mapping filter: 'characterEncodingFilter' to: [/*]
2018-09-17 11:59:24.728  INFO 13824 --- [           main] o.s.b.w.s.ServletRegistrationBean        : Servlet dispatcherServlet mapped to [/]
2018-09-17 11:59:25.182  INFO 13824 --- [           main] s.w.s.m.m.a.RequestMappingHandlerAdapter : Looking for @ControllerAdvice: org.springframework.boot.web.servlet.context.AnnotationConfigServletWebServerApplicationContext@57baeedf: startup date [Mon Sep 17 11:59:09 CST 2018]; root of context hierarchy
2018-09-17 11:59:25.625  INFO 13824 --- [           main] s.w.s.m.m.a.RequestMappingHandlerMapping : Mapped "{[/api/v2/dependencies],methods=[GET],produces=[application/json]}" onto public byte[] zipkin2.server.internal.ZipkinQueryApiV2.getDependencies(long,java.lang.Long) throws java.io.IOException
2018-09-17 11:59:25.626  INFO 13824 --- [           main] s.w.s.m.m.a.RequestMappingHandlerMapping : Mapped "{[/api/v2/services],methods=[GET]}" onto public org.springframework.http.ResponseEntity<java.util.List<java.lang.String>> zipkin2.server.internal.ZipkinQueryApiV2.getServiceNames() throws java.io.IOException
2018-09-17 11:59:25.626  INFO 13824 --- [           main] s.w.s.m.m.a.RequestMappingHandlerMapping : Mapped "{[/api/v2/spans],methods=[GET]}" onto public org.springframework.http.ResponseEntity<java.util.List<java.lang.String>> zipkin2.server.internal.ZipkinQueryApiV2.getSpanNames(java.lang.String) throws java.io.IOException
2018-09-17 11:59:25.627  INFO 13824 --- [           main] s.w.s.m.m.a.RequestMappingHandlerMapping : Mapped "{[/api/v2/traces],methods=[GET],produces=[application/json]}" onto public java.lang.String zipkin2.server.internal.ZipkinQueryApiV2.getTraces(java.lang.String,java.lang.String,java.lang.String,java.lang.Long,java.lang.Long,java.lang.Long,java.lang.Long,int) throws java.io.IOException
2018-09-17 11:59:25.627  INFO 13824 --- [           main] s.w.s.m.m.a.RequestMappingHandlerMapping : Mapped "{[/api/v2/trace/{traceIdHex}],methods=[GET],produces=[application/json]}" onto public java.lang.String zipkin2.server.internal.ZipkinQueryApiV2.getTrace(java.lang.String,org.springframework.web.context.request.WebRequest) throws java.io.IOException
2018-09-17 11:59:25.630  INFO 13824 --- [           main] s.w.s.m.m.a.RequestMappingHandlerMapping : Mapped "{[/metrics],methods=[GET]}" onto public com.fasterxml.jackson.databind.node.ObjectNode zipkin2.server.internal.MetricsHealthController.fetchMetricsFromMicrometer()
2018-09-17 11:59:25.630  INFO 13824 --- [           main] s.w.s.m.m.a.RequestMappingHandlerMapping : Mapped "{[/health],methods=[GET]}" onto public org.springframework.http.ResponseEntity<java.util.Map> zipkin2.server.internal.MetricsHealthController.getHealth()
2018-09-17 11:59:25.632  INFO 13824 --- [           main] s.w.s.m.m.a.RequestMappingHandlerMapping : Mapped "{[/error]}" onto public org.springframework.http.ResponseEntity<java.util.Map<java.lang.String, java.lang.Object>> org.springframework.boot.autoconfigure.web.servlet.error.BasicErrorController.error(javax.servlet.http.HttpServletRequest)
2018-09-17 11:59:25.633  INFO 13824 --- [           main] s.w.s.m.m.a.RequestMappingHandlerMapping : Mapped "{[/error],produces=[text/html]}" onto public org.springframework.web.servlet.ModelAndView org.springframework.boot.autoconfigure.web.servlet.error.BasicErrorController.errorHtml(javax.servlet.http.HttpServletRequest,javax.servlet.http.HttpServletResponse)
2018-09-17 11:59:25.635  INFO 13824 --- [           main] s.w.s.m.m.a.RequestMappingHandlerMapping : Mapped "{[/zipkin/ || /zipkin/traces/{id} || /zipkin/dependency || /zipkin/traceViewer],methods=[GET]}" onto public org.springframework.web.servlet.ModelAndView zipkin2.autoconfigure.ui.ZipkinUiAutoConfiguration.forwardUiEndpoints()
2018-09-17 11:59:25.636  INFO 13824 --- [           main] s.w.s.m.m.a.RequestMappingHandlerMapping : Mapped "{[/zipkin/config.json],methods=[GET]}" onto public org.springframework.http.ResponseEntity<zipkin2.autoconfigure.ui.ZipkinUiProperties> zipkin2.autoconfigure.ui.ZipkinUiAutoConfiguration.serveUiConfig()
2018-09-17 11:59:25.636  INFO 13824 --- [           main] s.w.s.m.m.a.RequestMappingHandlerMapping : Mapped "{[/zipkin/index.html],methods=[GET]}" onto public org.springframework.http.ResponseEntity<?> zipkin2.autoconfigure.ui.ZipkinUiAutoConfiguration.serveIndex() throws java.io.IOException
2018-09-17 11:59:25.636  INFO 13824 --- [           main] s.w.s.m.m.a.RequestMappingHandlerMapping : Mapped "{[/zipkin/api/**],methods=[GET]}" onto public org.springframework.web.servlet.ModelAndView zipkin2.autoconfigure.ui.ZipkinUiAutoConfiguration.forwardApi(javax.servlet.http.HttpServletRequest)
2018-09-17 11:59:25.636  INFO 13824 --- [           main] s.w.s.m.m.a.RequestMappingHandlerMapping : Mapped "{[/favicon.ico],methods=[GET]}" onto public org.springframework.web.servlet.ModelAndView zipkin2.autoconfigure.ui.ZipkinUiAutoConfiguration.favicon()
2018-09-17 11:59:25.636  INFO 13824 --- [           main] s.w.s.m.m.a.RequestMappingHandlerMapping : Mapped "{[/],methods=[GET]}" onto public void zipkin2.autoconfigure.ui.ZipkinUiAutoConfiguration.redirectRoot(javax.servlet.http.HttpServletResponse)
2018-09-17 11:59:25.694  INFO 13824 --- [           main] o.s.w.s.h.SimpleUrlHandlerMapping        : Mapped URL path [/info] onto handler of type [class org.springframework.web.servlet.mvc.ParameterizableViewController]
2018-09-17 11:59:25.695  INFO 13824 --- [           main] o.s.w.s.h.SimpleUrlHandlerMapping        : Mapped URL path [/prometheus] onto handler of type [class org.springframework.web.servlet.mvc.ParameterizableViewController]
2018-09-17 11:59:25.712  INFO 13824 --- [           main] o.s.w.s.h.SimpleUrlHandlerMapping        : Mapped URL path [/webjars/**] onto handler of type [class org.springframework.web.servlet.resource.ResourceHttpRequestHandler]
2018-09-17 11:59:25.712  INFO 13824 --- [           main] o.s.w.s.h.SimpleUrlHandlerMapping        : Mapped URL path [/**] onto handler of type [class org.springframework.web.servlet.resource.ResourceHttpRequestHandler]
2018-09-17 11:59:25.712  INFO 13824 --- [           main] o.s.w.s.h.SimpleUrlHandlerMapping        : Mapped URL path [/zipkin/**] onto handler of type [class org.springframework.web.servlet.resource.ResourceHttpRequestHandler]
2018-09-17 11:59:26.419  INFO 13824 --- [           main] c.d.d.core                               : DataStax Java driver 3.5.1 for Apache Cassandra
2018-09-17 11:59:26.437  INFO 13824 --- [           main] c.d.d.c.GuavaCompatibility               : Detected Guava >= 19 in the classpath, using modern compatibility layer
2018-09-17 11:59:27.775  INFO 13824 --- [           main] c.d.d.c.Native                           : Could not load JNR C Library, native system calls through this library will not be available (set this logger level to DEBUG to see the full stack trace).
2018-09-17 11:59:27.777  INFO 13824 --- [           main] c.d.d.c.ClockFactory                     : Using java.lang.System clock to generate timestamps.
2018-09-17 11:59:29.528  INFO 13824 --- [           main] o.s.b.a.e.w.EndpointLinksResolver        : Exposing 15 endpoint(s) beneath base path '/actuator'
2018-09-17 11:59:29.541  INFO 13824 --- [           main] s.b.a.e.w.s.WebMvcEndpointHandlerMapping : Mapped "{[/actuator/auditevents],methods=[GET],produces=[application/vnd.spring-boot.actuator.v2+json || application/json]}" onto public java.lang.Object org.springframework.boot.actuate.endpoint.web.servlet.AbstractWebMvcEndpointHandlerMapping$OperationHandler.handle(javax.servlet.http.HttpServletRequest,java.util.Map<java.lang.String, java.lang.String>)
2018-09-17 11:59:29.542  INFO 13824 --- [           main] s.b.a.e.w.s.WebMvcEndpointHandlerMapping : Mapped "{[/actuator/beans],methods=[GET],produces=[application/vnd.spring-boot.actuator.v2+json || application/json]}" onto public java.lang.Object org.springframework.boot.actuate.endpoint.web.servlet.AbstractWebMvcEndpointHandlerMapping$OperationHandler.handle(javax.servlet.http.HttpServletRequest,java.util.Map<java.lang.String, java.lang.String>)
2018-09-17 11:59:29.542  INFO 13824 --- [           main] s.b.a.e.w.s.WebMvcEndpointHandlerMapping : Mapped "{[/actuator/health],methods=[GET],produces=[application/vnd.spring-boot.actuator.v2+json || application/json]}" onto public java.lang.Object org.springframework.boot.actuate.endpoint.web.servlet.AbstractWebMvcEndpointHandlerMapping$OperationHandler.handle(javax.servlet.http.HttpServletRequest,java.util.Map<java.lang.String, java.lang.String>)
2018-09-17 11:59:29.542  INFO 13824 --- [           main] s.b.a.e.w.s.WebMvcEndpointHandlerMapping : Mapped "{[/actuator/conditions],methods=[GET],produces=[application/vnd.spring-boot.actuator.v2+json || application/json]}" onto public java.lang.Object org.springframework.boot.actuate.endpoint.web.servlet.AbstractWebMvcEndpointHandlerMapping$OperationHandler.handle(javax.servlet.http.HttpServletRequest,java.util.Map<java.lang.String, java.lang.String>)
2018-09-17 11:59:29.543  INFO 13824 --- [           main] s.b.a.e.w.s.WebMvcEndpointHandlerMapping : Mapped "{[/actuator/configprops],methods=[GET],produces=[application/vnd.spring-boot.actuator.v2+json || application/json]}" onto public java.lang.Object org.springframework.boot.actuate.endpoint.web.servlet.AbstractWebMvcEndpointHandlerMapping$OperationHandler.handle(javax.servlet.http.HttpServletRequest,java.util.Map<java.lang.String, java.lang.String>)
2018-09-17 11:59:29.543  INFO 13824 --- [           main] s.b.a.e.w.s.WebMvcEndpointHandlerMapping : Mapped "{[/actuator/env],methods=[GET],produces=[application/vnd.spring-boot.actuator.v2+json || application/json]}" onto public java.lang.Object org.springframework.boot.actuate.endpoint.web.servlet.AbstractWebMvcEndpointHandlerMapping$OperationHandler.handle(javax.servlet.http.HttpServletRequest,java.util.Map<java.lang.String, java.lang.String>)
2018-09-17 11:59:29.543  INFO 13824 --- [           main] s.b.a.e.w.s.WebMvcEndpointHandlerMapping : Mapped "{[/actuator/env/{toMatch}],methods=[GET],produces=[application/vnd.spring-boot.actuator.v2+json || application/json]}" onto public java.lang.Object org.springframework.boot.actuate.endpoint.web.servlet.AbstractWebMvcEndpointHandlerMapping$OperationHandler.handle(javax.servlet.http.HttpServletRequest,java.util.Map<java.lang.String, java.lang.String>)
2018-09-17 11:59:29.543  INFO 13824 --- [           main] s.b.a.e.w.s.WebMvcEndpointHandlerMapping : Mapped "{[/actuator/info],methods=[GET],produces=[application/vnd.spring-boot.actuator.v2+json || application/json]}" onto public java.lang.Object org.springframework.boot.actuate.endpoint.web.servlet.AbstractWebMvcEndpointHandlerMapping$OperationHandler.handle(javax.servlet.http.HttpServletRequest,java.util.Map<java.lang.String, java.lang.String>)
2018-09-17 11:59:29.544  INFO 13824 --- [           main] s.b.a.e.w.s.WebMvcEndpointHandlerMapping : Mapped "{[/actuator/loggers/{name}],methods=[POST],consumes=[application/vnd.spring-boot.actuator.v2+json || application/json]}" onto public java.lang.Object org.springframework.boot.actuate.endpoint.web.servlet.AbstractWebMvcEndpointHandlerMapping$OperationHandler.handle(javax.servlet.http.HttpServletRequest,java.util.Map<java.lang.String, java.lang.String>)
2018-09-17 11:59:29.544  INFO 13824 --- [           main] s.b.a.e.w.s.WebMvcEndpointHandlerMapping : Mapped "{[/actuator/loggers/{name}],methods=[GET],produces=[application/vnd.spring-boot.actuator.v2+json || application/json]}" onto public java.lang.Object org.springframework.boot.actuate.endpoint.web.servlet.AbstractWebMvcEndpointHandlerMapping$OperationHandler.handle(javax.servlet.http.HttpServletRequest,java.util.Map<java.lang.String, java.lang.String>)
2018-09-17 11:59:29.544  INFO 13824 --- [           main] s.b.a.e.w.s.WebMvcEndpointHandlerMapping : Mapped "{[/actuator/loggers],methods=[GET],produces=[application/vnd.spring-boot.actuator.v2+json || application/json]}" onto public java.lang.Object org.springframework.boot.actuate.endpoint.web.servlet.AbstractWebMvcEndpointHandlerMapping$OperationHandler.handle(javax.servlet.http.HttpServletRequest,java.util.Map<java.lang.String, java.lang.String>)
2018-09-17 11:59:29.544  INFO 13824 --- [           main] s.b.a.e.w.s.WebMvcEndpointHandlerMapping : Mapped "{[/actuator/heapdump],methods=[GET],produces=[application/octet-stream]}" onto public java.lang.Object org.springframework.boot.actuate.endpoint.web.servlet.AbstractWebMvcEndpointHandlerMapping$OperationHandler.handle(javax.servlet.http.HttpServletRequest,java.util.Map<java.lang.String, java.lang.String>)
2018-09-17 11:59:29.544  INFO 13824 --- [           main] s.b.a.e.w.s.WebMvcEndpointHandlerMapping : Mapped "{[/actuator/threaddump],methods=[GET],produces=[application/vnd.spring-boot.actuator.v2+json || application/json]}" onto public java.lang.Object org.springframework.boot.actuate.endpoint.web.servlet.AbstractWebMvcEndpointHandlerMapping$OperationHandler.handle(javax.servlet.http.HttpServletRequest,java.util.Map<java.lang.String, java.lang.String>)
2018-09-17 11:59:29.545  INFO 13824 --- [           main] s.b.a.e.w.s.WebMvcEndpointHandlerMapping : Mapped "{[/actuator/prometheus],methods=[GET],produces=[text/plain;version=0.0.4;charset=utf-8]}" onto public java.lang.Object org.springframework.boot.actuate.endpoint.web.servlet.AbstractWebMvcEndpointHandlerMapping$OperationHandler.handle(javax.servlet.http.HttpServletRequest,java.util.Map<java.lang.String, java.lang.String>)
2018-09-17 11:59:29.545  INFO 13824 --- [           main] s.b.a.e.w.s.WebMvcEndpointHandlerMapping : Mapped "{[/actuator/metrics/{requiredMetricName}],methods=[GET],produces=[application/vnd.spring-boot.actuator.v2+json || application/json]}" onto public java.lang.Object org.springframework.boot.actuate.endpoint.web.servlet.AbstractWebMvcEndpointHandlerMapping$OperationHandler.handle(javax.servlet.http.HttpServletRequest,java.util.Map<java.lang.String, java.lang.String>)
2018-09-17 11:59:29.545  INFO 13824 --- [           main] s.b.a.e.w.s.WebMvcEndpointHandlerMapping : Mapped "{[/actuator/metrics],methods=[GET],produces=[application/vnd.spring-boot.actuator.v2+json || application/json]}" onto public java.lang.Object org.springframework.boot.actuate.endpoint.web.servlet.AbstractWebMvcEndpointHandlerMapping$OperationHandler.handle(javax.servlet.http.HttpServletRequest,java.util.Map<java.lang.String, java.lang.String>)
2018-09-17 11:59:29.545  INFO 13824 --- [           main] s.b.a.e.w.s.WebMvcEndpointHandlerMapping : Mapped "{[/actuator/scheduledtasks],methods=[GET],produces=[application/vnd.spring-boot.actuator.v2+json || application/json]}" onto public java.lang.Object org.springframework.boot.actuate.endpoint.web.servlet.AbstractWebMvcEndpointHandlerMapping$OperationHandler.handle(javax.servlet.http.HttpServletRequest,java.util.Map<java.lang.String, java.lang.String>)
2018-09-17 11:59:29.546  INFO 13824 --- [           main] s.b.a.e.w.s.WebMvcEndpointHandlerMapping : Mapped "{[/actuator/httptrace],methods=[GET],produces=[application/vnd.spring-boot.actuator.v2+json || application/json]}" onto public java.lang.Object org.springframework.boot.actuate.endpoint.web.servlet.AbstractWebMvcEndpointHandlerMapping$OperationHandler.handle(javax.servlet.http.HttpServletRequest,java.util.Map<java.lang.String, java.lang.String>)
2018-09-17 11:59:29.546  INFO 13824 --- [           main] s.b.a.e.w.s.WebMvcEndpointHandlerMapping : Mapped "{[/actuator/mappings],methods=[GET],produces=[application/vnd.spring-boot.actuator.v2+json || application/json]}" onto public java.lang.Object org.springframework.boot.actuate.endpoint.web.servlet.AbstractWebMvcEndpointHandlerMapping$OperationHandler.handle(javax.servlet.http.HttpServletRequest,java.util.Map<java.lang.String, java.lang.String>)
2018-09-17 11:59:29.547  INFO 13824 --- [           main] s.b.a.e.w.s.WebMvcEndpointHandlerMapping : Mapped "{[/actuator],methods=[GET],produces=[application/vnd.spring-boot.actuator.v2+json || application/json]}" onto protected java.util.Map<java.lang.String, java.util.Map<java.lang.String, org.springframework.boot.actuate.endpoint.web.Link>> org.springframework.boot.actuate.endpoint.web.servlet.WebMvcEndpointHandlerMapping.links(javax.servlet.http.HttpServletRequest,javax.servlet.http.HttpServletResponse)
2018-09-17 11:59:30.063  INFO 13824 --- [           main] o.xnio                                   : XNIO version 3.3.8.Final
2018-09-17 11:59:30.135  INFO 13824 --- [           main] o.x.nio                                  : XNIO NIO Implementation Version 3.3.8.Final
2018-09-17 11:59:32.294  INFO 13824 --- [           main] o.s.b.w.e.u.UndertowServletWebServer     : Undertow started on port(s) 9411 (http) with context path ''
2018-09-17 11:59:32.350  INFO 13824 --- [           main] z.s.ZipkinServer                         : Started ZipkinServer in 25.191 seconds (JVM running for 30.594)
2018-09-17 11:59:41.801  INFO 13824 --- [  XNIO-1 task-1] i.u.servlet                              : Initializing Spring FrameworkServlet 'dispatcherServlet'
2018-09-17 11:59:41.801  INFO 13824 --- [  XNIO-1 task-1] o.s.w.s.DispatcherServlet                : FrameworkServlet 'dispatcherServlet': initialization started
2018-09-17 11:59:41.839  INFO 13824 --- [  XNIO-1 task-1] o.s.w.s.DispatcherServlet                : FrameworkServlet 'dispatcherServlet': initialization completed in 38 ms
